2020-11-04 19:45:16.073  INFO 12476 --- [restartedMain] c.markloy.markblog.MarkblogApplication   : Starting MarkblogApplication on mark-loy with PID 12476 (D:\Other\project\Idea Project\项目\03-markblog\target\classes started by mark_ in D:\Other\project\Idea Project\项目\03-markblog)
2020-11-04 19:45:16.075  INFO 12476 --- [restartedMain] c.markloy.markblog.MarkblogApplication   : No active profile set, falling back to default profiles: default
2020-11-04 19:45:16.118  INFO 12476 --- [restartedMain] .e.DevToolsPropertyDefaultsPostProcessor : Devtools property defaults active! Set 'spring.devtools.add-properties' to 'false' to disable
2020-11-04 19:45:16.118  INFO 12476 --- [restartedMain] .e.DevToolsPropertyDefaultsPostProcessor : For additional web related logging consider setting the 'logging.level.web' property to 'DEBUG'
2020-11-04 19:45:16.125  WARN 12476 --- [background-preinit] o.s.h.c.j.Jackson2ObjectMapperBuilder    : For Jackson Kotlin classes support please add "com.fasterxml.jackson.module:jackson-module-kotlin" to the classpath
2020-11-04 19:45:17.246  INFO 12476 --- [restartedMain] o.s.b.w.embedded.tomcat.TomcatWebServer  : Tomcat initialized with port(s): 8888 (http)
2020-11-04 19:45:17.254  INFO 12476 --- [restartedMain] o.apache.catalina.core.StandardService   : Starting service [Tomcat]
2020-11-04 19:45:17.254  INFO 12476 --- [restartedMain] org.apache.catalina.core.StandardEngine  : Starting Servlet engine: [Apache Tomcat/9.0.35]
2020-11-04 19:45:17.327  INFO 12476 --- [restartedMain] o.a.c.c.C.[Tomcat].[localhost].[/]       : Initializing Spring embedded WebApplicationContext
2020-11-04 19:45:17.327  INFO 12476 --- [restartedMain] o.s.web.context.ContextLoader            : Root WebApplicationContext: initialization completed in 1208 ms
2020-11-04 19:45:18.013  INFO 12476 --- [restartedMain] o.s.s.concurrent.ThreadPoolTaskExecutor  : Initializing ExecutorService 'applicationTaskExecutor'
2020-11-04 19:45:18.206  INFO 12476 --- [restartedMain] o.f.c.internal.license.VersionPrinter    : Flyway Community Edition 6.4.1 by Redgate
2020-11-04 19:45:18.211  INFO 12476 --- [restartedMain] com.zaxxer.hikari.HikariDataSource       : HikariPool-1 - Starting...
2020-11-04 19:45:18.742  INFO 12476 --- [restartedMain] com.zaxxer.hikari.HikariDataSource       : HikariPool-1 - Start completed.
2020-11-04 19:45:18.763  INFO 12476 --- [restartedMain] o.f.c.internal.database.DatabaseFactory  : Database: jdbc:mysql://localhost:3306/blog (MySQL 5.7)
2020-11-04 19:45:18.795  INFO 12476 --- [restartedMain] o.f.core.internal.command.DbValidate     : Successfully validated 11 migrations (execution time 00:00.017s)
2020-11-04 19:45:18.800  INFO 12476 --- [restartedMain] o.f.core.internal.command.DbMigrate      : Current version of schema `blog`: 11
2020-11-04 19:45:18.801  INFO 12476 --- [restartedMain] o.f.core.internal.command.DbMigrate      : Schema `blog` is up to date. No migration necessary.
2020-11-04 19:45:18.897  INFO 12476 --- [restartedMain] o.s.b.d.a.OptionalLiveReloadServer       : LiveReload server is running on port 35729
2020-11-04 19:45:18.925  INFO 12476 --- [restartedMain] o.s.b.w.embedded.tomcat.TomcatWebServer  : Tomcat started on port(s): 8888 (http) with context path ''
2020-11-04 19:45:18.933  INFO 12476 --- [restartedMain] c.markloy.markblog.MarkblogApplication   : Started MarkblogApplication in 3.226 seconds (JVM running for 4.156)
2020-11-04 19:46:02.800  INFO 12476 --- [http-nio-8888-exec-1] o.a.c.c.C.[Tomcat].[localhost].[/]       : Initializing Spring DispatcherServlet 'dispatcherServlet'
2020-11-04 19:46:02.800  INFO 12476 --- [http-nio-8888-exec-1] o.s.web.servlet.DispatcherServlet        : Initializing Servlet 'dispatcherServlet'
2020-11-04 19:46:02.808  INFO 12476 --- [http-nio-8888-exec-1] o.s.web.servlet.DispatcherServlet        : Completed initialization in 8 ms
2020-11-04 19:46:02.878  INFO 12476 --- [http-nio-8888-exec-4] com.markloy.markblog.aspect.LogAspect    : request: {time='2020-11-04 07:02:46', url='http://192.168.1.4:8888/back/category', ip='192.168.1.4', classMethod='com.markloy.markblog.controller.BackManageController.findAllCategory', args=[]}
2020-11-04 19:46:02.878  INFO 12476 --- [http-nio-8888-exec-6] com.markloy.markblog.aspect.LogAspect    : request: {time='2020-11-04 07:02:46', url='http://192.168.1.4:8888/back/tags', ip='192.168.1.4', classMethod='com.markloy.markblog.controller.BackManageController.findAllTags', args=[]}
2020-11-04 19:46:02.881  INFO 12476 --- [http-nio-8888-exec-5] com.markloy.markblog.aspect.LogAspect    : request: {time='2020-11-04 07:02:46', url='http://192.168.1.4:8888/back/article', ip='192.168.1.4', classMethod='com.markloy.markblog.controller.BackManageController.findArticleList', args=[1, 5, null, null, ]}
2020-11-04 19:46:02.924  INFO 12476 --- [http-nio-8888-exec-4] com.markloy.markblog.aspect.LogAspect    : result: ResultDTO(code=200, message=操作成功, data={category=[{gmt_create=1602395859, article_count=6, cate_name=服务器, id=1, gmt_modified=1602395859}, {gmt_create=1602395859, article_count=4, cate_name=操作系统, id=2, gmt_modified=1602395859}]})
2020-11-04 19:46:02.924  INFO 12476 --- [http-nio-8888-exec-6] com.markloy.markblog.aspect.LogAspect    : result: ResultDTO(code=200, message=操作成功, data={tags=[{gmt_create=1602395859, tag_name=Linux, article_count=5, id=1, gmt_modified=1602395859}, {gmt_create=1602395859, tag_name=Linux1, article_count=7, id=2, gmt_modified=1602395859}, {gmt_create=1602395859, tag_name=Linux2, article_count=6, id=3, gmt_modified=1602395859}]})
2020-11-04 19:46:02.955  INFO 12476 --- [http-nio-8888-exec-5] com.markloy.markblog.aspect.LogAspect    : result: ResultDTO(code=200, message=操作成功, data={total=9, articles=[{tag=[{tag_name=Linux, article_count=5, id=1}], category={cate_name=服务器, id=1}, user={petName=markblog, id=1, avatar=https://img2.yuntouxiang.com/file/20190627/b8d865c6f0f95664ce6416a0a7d3602e.jpg}, article={gmt_create=1602395859, like_count=0, context=ll; ls -l; ps -ef | grep java; cd; 111, id=1, title=Linux的常用命令1, gmt_modified=1602395859, view_count=11}}, {tag=[{tag_name=Linux, article_count=5, id=1}, {tag_name=Linux1, article_count=7, id=2}], category={cate_name=服务器, id=1}, user={petName=markblog, id=1, avatar=https://img2.yuntouxiang.com/file/20190627/b8d865c6f0f95664ce6416a0a7d3602e.jpg}, article={gmt_create=1602395859, like_count=0, context=ll; ls -l; ps -ef | grep java; cd; 222, id=2, title=Linux的常用命令2, gmt_modified=1602395859, view_count=0}}, {tag=[{tag_name=Linux, article_count=5, id=1}, {tag_name=Linux1, article_count=7, id=2}, {tag_name=Linux2, article_count=6, id=3}], category={cate_name=服务器, id=1}, user={petName=markblog, id=1, avatar=https://img2.yuntouxiang.com/file/20190627/b8d865c6f0f95664ce6416a0a7d3602e.jpg}, article={gmt_create=1602395859, like_count=0, context=ll; ls -l; ps -ef | grep java; cd; 333, id=3, title=Linux的常用命令3, gmt_modified=1602395859, view_count=0}}, {tag=[{tag_name=Linux, article_count=5, id=1}, {tag_name=Linux1, article_count=7, id=2}], category={cate_name=操作系统, id=2}, user={petName=markblog, id=1, avatar=https://img2.yuntouxiang.com/file/20190627/b8d865c6f0f95664ce6416a0a7d3602e.jpg}, article={gmt_create=1602395859, like_count=0, context=ll; ls -l; ps -ef | grep java; cd; 444, id=4, title=Linux的常用命令4, gmt_modified=1602395859, view_count=0}}, {tag=[{tag_name=Linux, article_count=5, id=1}, {tag_name=Linux2, article_count=6, id=3}], category={cate_name=操作系统, id=2}, user={petName=markblog, id=1, avatar=https://img2.yuntouxiang.com/file/20190627/b8d865c6f0f95664ce6416a0a7d3602e.jpg}, article={gmt_create=1602395859, like_count=0, context=ll; ls -l; ps -ef | grep java; cd; 555, id=5, title=Linux的常用命令5, gmt_modified=1602395859, view_count=0}}]})
2020-11-04 20:18:27.215  INFO 12476 --- [Thread-176] o.s.s.concurrent.ThreadPoolTaskExecutor  : Shutting down ExecutorService 'applicationTaskExecutor'
2020-11-04 20:18:27.216  INFO 12476 --- [Thread-176] com.zaxxer.hikari.HikariDataSource       : HikariPool-1 - Shutdown initiated...
2020-11-04 20:18:27.219  INFO 12476 --- [Thread-176] com.zaxxer.hikari.HikariDataSource       : HikariPool-1 - Shutdown completed.
